[2025-12-09T12:25:56.660Z] [INFO] ⏳ Connecting to database...
[2025-12-09T12:25:56.673Z] [INFO] 🚀 Application listening on port 5000
[2025-12-09T12:25:57.269Z] [INFO] ✅ SMTP server ready to send emails
[2025-12-09T12:25:57.301Z] [INFO] 🛢️  Database connected successfully
[2025-12-09T12:26:23.183Z] [INFO] ⏳ Connecting to database...
[2025-12-09T12:26:23.194Z] [INFO] 🚀 Application listening on port 5000
[2025-12-09T12:26:23.712Z] [INFO] 🛢️  Database connected successfully
[2025-12-09T12:26:24.032Z] [INFO] ✅ SMTP server ready to send emails
[2025-12-09T12:27:47.291Z] [INFO] ⏳ Connecting to database...
[2025-12-09T12:27:47.304Z] [INFO] 🚀 Application listening on port 5000
[2025-12-09T12:27:47.485Z] [INFO] ✅ SMTP server ready to send emails
[2025-12-09T12:27:47.885Z] [INFO] 🛢️  Database connected successfully
[2025-12-10T06:41:51.285Z] [INFO] ⏳ Connecting to database...
[2025-12-10T06:41:51.288Z] [INFO] 🚀 Application listening on port 5000
[2025-12-10T06:42:42.260Z] [INFO] ⏳ Connecting to database...
[2025-12-10T06:42:42.263Z] [INFO] 🚀 Application listening on port 5000
[2025-12-10T06:42:42.382Z] [ERROR] ❌ Failed to connect to database PrismaClientInitializationError: Authentication failed against database server at `localhost`, the provided database credentials for `postgres` are not valid.

Please make sure to provide valid database credentials for the database server at `localhost`.
    at t (C:\Users\hp\Projects\Outfitro-Backend\node_modules\@prisma\client\runtime\library.js:112:2488) {
  clientVersion: '5.22.0',
  errorCode: 'P1000'
}
[2025-12-10T06:48:01.174Z] [INFO] ⏳ Connecting to database...
[2025-12-10T06:48:01.173Z] [INFO] ⏳ Connecting to database...
[2025-12-10T06:48:01.177Z] [INFO] 🚀 Application listening on port 5000
[2025-12-10T06:48:01.177Z] [INFO] 🚀 Application listening on port 5000
[2025-12-10T06:48:01.365Z] [ERROR] ❌ Failed to connect to database PrismaClientInitializationError: Authentication failed against database server at `localhost`, the provided database credentials for `postgres` are not valid.

Please make sure to provide valid database credentials for the database server at `localhost`.
    at t (C:\Users\hp\Projects\Outfitro-Backend\node_modules\@prisma\client\runtime\library.js:112:2488) {
  clientVersion: '5.22.0',
  errorCode: 'P1000'
}
[2025-12-10T06:48:01.367Z] [ERROR] ❌ Failed to connect to database PrismaClientInitializationError: Authentication failed against database server at `localhost`, the provided database credentials for `postgres` are not valid.

Please make sure to provide valid database credentials for the database server at `localhost`.
    at t (C:\Users\hp\Projects\Outfitro-Backend\node_modules\@prisma\client\runtime\library.js:112:2488) {
  clientVersion: '5.22.0',
  errorCode: 'P1000'
}
[2025-12-10T06:59:18.272Z] [INFO] ⏳ Connecting to database...
[2025-12-10T06:59:18.275Z] [INFO] 🚀 Application listening on port 5000
[2025-12-10T06:59:18.648Z] [INFO] ✅ SMTP server ready to send emails
[2025-12-10T06:59:23.301Z] [ERROR] ❌ Failed to connect to database PrismaClientInitializationError: Can't reach database server at `165.101.188.2:5432`

Please make sure your database server is running at `165.101.188.2:5432`.
    at t (C:\Users\hp\Projects\Outfitro-Backend\node_modules\@prisma\client\runtime\library.js:112:2488) {
  clientVersion: '5.22.0',
  errorCode: 'P1001'
}
[2025-12-10T07:27:56.295Z] [INFO] ⏳ Connecting to database...
[2025-12-10T07:27:56.298Z] [INFO] 🚀 Application listening on port 5000
[2025-12-10T07:27:56.950Z] [INFO] 🛢️  Database connected successfully
[2025-12-10T07:27:57.208Z] [INFO] ✅ SMTP server ready to send emails
[2025-12-10T07:39:46.132Z] [INFO] ⏳ Connecting to database...
[2025-12-10T07:39:46.136Z] [INFO] 🚀 Application listening on port 5000
[2025-12-10T07:39:46.359Z] [INFO] 🛢️  Database connected successfully
[2025-12-10T07:39:51.839Z] [INFO] ✅ SMTP server ready to send emails
[2025-12-10T07:40:15.079Z] [ERROR] globalErrorHandler ~ ApiError: You are not authorized
    at C:\Users\hp\Projects\Outfitro-Backend\src\app\middlewares\auth.ts:16:15
    at Generator.next (<anonymous>)
    at C:\Users\hp\Projects\Outfitro-Backend\src\app\middlewares\auth.ts:8:71
    at new Promise (<anonymous>)
    at __awaiter (C:\Users\hp\Projects\Outfitro-Backend\src\app\middlewares\auth.ts:4:12)
    at C:\Users\hp\Projects\Outfitro-Backend\src\app\middlewares\auth.ts:11:61
    at Layer.handleRequest (C:\Users\hp\Projects\Outfitro-Backend\node_modules\router\lib\layer.js:152:17)
    at next (C:\Users\hp\Projects\Outfitro-Backend\node_modules\router\lib\route.js:157:13)
    at Route.dispatch (C:\Users\hp\Projects\Outfitro-Backend\node_modules\router\lib\route.js:117:3)
    at handle (C:\Users\hp\Projects\Outfitro-Backend\node_modules\router\index.js:435:11) {
  statusCode: 401
}
[2025-12-10T07:40:51.930Z] [ERROR] globalErrorHandler ~ ApiError: A category with the name 'Men' (slug: 'men') already exists.
    at C:\Users\hp\Projects\Outfitro-Backend\src\app\modules\Category\category.service.ts:13:11
    at Generator.next (<anonymous>)
    at fulfilled (C:\Users\hp\Projects\Outfitro-Backend\src\app\modules\Category\category.service.ts:5:58) {
  statusCode: 409
}
